#
# There is insufficient memory for the Java Runtime Environment to continue.
# Native memory allocation (malloc) failed to allocate 378592 bytes for Chunk::new
# Possible reasons:
#   The system is out of physical RAM or swap space
#   The process is running with CompressedOops enabled, and the Java Heap may be blocking the growth of the native heap
# Possible solutions:
#   Reduce memory load on the system
#   Increase physical memory or swap space
#   Check if swap backing store is full
#   Decrease Java heap size (-Xmx/-Xms)
#   Decrease number of Java threads
#   Decrease Java thread stack sizes (-Xss)
#   Set larger code cache with -XX:ReservedCodeCacheSize=
#   JVM is running with Zero Based Compressed Oops mode in which the Java heap is
#     placed in the first 32GB address space. The Java Heap base address is the
#     maximum limit for the native heap growth. Please use -XX:HeapBaseMinAddress
#     to set the Java Heap base and to place the Java Heap above 32GB virtual address.
# This output file may be truncated or incomplete.
#
#  Out of Memory Error (arena.cpp:189), pid=28364, tid=23992
#
# JRE version: OpenJDK Runtime Environment Temurin-17.0.3+7 (17.0.3+7) (build 17.0.3+7)
# Java VM: OpenJDK 64-Bit Server VM Temurin-17.0.3+7 (17.0.3+7, mixed mode, tiered, compressed oops, compressed class ptrs, g1 gc, windows-amd64)
# No core dump will be written. Minidumps are not enabled by default on client versions of Windows
#

---------------  S U M M A R Y ------------

Command Line: -Dfile.encoding=UTF-8 -XX:+ShowCodeDetailsInExceptionMessages ConwaysLife

Host: AMD Ryzen 7 5800H with Radeon Graphics         , 16 cores, 15G,  Windows 10 , 64 bit Build 19041 (10.0.19041.2788)
Time: Sun Apr 30 17:52:01 2023 GMT Daylight Time elapsed time: 17055.586499 seconds (0d 4h 44m 15s)

---------------  T H R E A D  ---------------

Current thread (0x00000208e38760d0):  JavaThread "C2 CompilerThread0" daemon [_thread_in_native, id=23992, stack(0x000000cacf600000,0x000000cacf700000)]


Current CompileTask:
C2:17055586 1252       4       java.awt.EventQueue::dispatchEventImpl (136 bytes)

Stack: [0x000000cacf600000,0x000000cacf700000]
Native frames: (J=compiled Java code, j=interpreted, Vv=VM code, C=native code)
V  [jvm.dll+0x675efa]
V  [jvm.dll+0x830a24]
V  [jvm.dll+0x8321ce]
V  [jvm.dll+0x832833]
V  [jvm.dll+0x2454b5]
V  [jvm.dll+0xabd7b]
V  [jvm.dll+0xac30c]
V  [jvm.dll+0x363627]
V  [jvm.dll+0x32dca1]
V  [jvm.dll+0x32d14a]
V  [jvm.dll+0x218361]
V  [jvm.dll+0x217781]
V  [jvm.dll+0x1a3ccd]
V  [jvm.dll+0x227178]
V  [jvm.dll+0x2252bc]
V  [jvm.dll+0x7e673b]
V  [jvm.dll+0x7e0cfa]
V  [jvm.dll+0x674d85]
C  [ucrtbase.dll+0x21bb2]
C  [KERNEL32.DLL+0x17604]
C  [ntdll.dll+0x526a1]


---------------  P R O C E S S  ---------------

Threads class SMR info:
_java_thread_list=0x00000208eadd0590, length=18, elements={
0x00000208e3827020, 0x00000208e3828630, 0x00000208e384e2b0, 0x00000208e386cd00,
0x00000208e386fe60, 0x00000208e3870fb0, 0x00000208e38760d0, 0x00000208e3877260,
0x00000208e38787e0, 0x00000208e39fe3a0, 0x00000208e3a0fd80, 0x00000208e3cec010,
0x00000208e3cf2860, 0x00000208e3cee8f0, 0x00000208e43f7090, 0x00000208eab76db0,
0x00000208eac27730, 0x00000208c366d2c0
}

Java Threads: ( => current thread )
  0x00000208e3827020 JavaThread "Reference Handler" daemon [_thread_blocked, id=48156, stack(0x000000cacf000000,0x000000cacf100000)]
  0x00000208e3828630 JavaThread "Finalizer" daemon [_thread_blocked, id=40924, stack(0x000000cacf100000,0x000000cacf200000)]
  0x00000208e384e2b0 JavaThread "Signal Dispatcher" daemon [_thread_blocked, id=49784, stack(0x000000cacf200000,0x000000cacf300000)]
  0x00000208e386cd00 JavaThread "Attach Listener" daemon [_thread_blocked, id=42304, stack(0x000000cacf300000,0x000000cacf400000)]
  0x00000208e386fe60 JavaThread "Service Thread" daemon [_thread_blocked, id=20236, stack(0x000000cacf400000,0x000000cacf500000)]
  0x00000208e3870fb0 JavaThread "Monitor Deflation Thread" daemon [_thread_blocked, id=26184, stack(0x000000cacf500000,0x000000cacf600000)]
=>0x00000208e38760d0 JavaThread "C2 CompilerThread0" daemon [_thread_in_native, id=23992, stack(0x000000cacf600000,0x000000cacf700000)]
  0x00000208e3877260 JavaThread "C1 CompilerThread0" daemon [_thread_blocked, id=27532, stack(0x000000cacf700000,0x000000cacf800000)]
  0x00000208e38787e0 JavaThread "Sweeper thread" daemon [_thread_blocked, id=43368, stack(0x000000cacf800000,0x000000cacf900000)]
  0x00000208e39fe3a0 JavaThread "Notification Thread" daemon [_thread_blocked, id=7056, stack(0x000000cacfa00000,0x000000cacfb00000)]
  0x00000208e3a0fd80 JavaThread "Common-Cleaner" daemon [_thread_blocked, id=10552, stack(0x000000cacfc00000,0x000000cacfd00000)]
  0x00000208e3cec010 JavaThread "Java2D Disposer" daemon [_thread_blocked, id=39900, stack(0x000000cacfd00000,0x000000cacfe00000)]
  0x00000208e3cf2860 JavaThread "AWT-Shutdown" [_thread_blocked, id=47504, stack(0x000000cacfe00000,0x000000cacff00000)]
  0x00000208e3cee8f0 JavaThread "AWT-Windows" daemon [_thread_in_native, id=44752, stack(0x000000cacff00000,0x000000cad0000000)]
  0x00000208e43f7090 JavaThread "AWT-EventQueue-0" [_thread_in_vm, id=41580, stack(0x000000cad03e0000,0x000000cad04e0000)]
  0x00000208eab76db0 JavaThread "D3D Screen Updater" daemon [_thread_blocked, id=41308, stack(0x000000cad04e0000,0x000000cad05e0000)]
  0x00000208eac27730 JavaThread "Thread-0" [_thread_blocked, id=33152, stack(0x000000cad05e0000,0x000000cad06e0000)]
  0x00000208c366d2c0 JavaThread "DestroyJavaVM" [_thread_blocked, id=12064, stack(0x000000cace900000,0x000000cacea00000)]

Other Threads:
  0x00000208e38220d0 VMThread "VM Thread" [stack: 0x000000cacef00000,0x000000cacf000000] [id=40340]
  0x00000208e3a004a0 WatcherThread [stack: 0x000000cacfb00000,0x000000cacfc00000] [id=21976]
  0x00000208c36d85e0 GCTaskThread "GC Thread#0" [stack: 0x000000cacea00000,0x000000caceb00000] [id=44628]
  0x00000208e4117820 GCTaskThread "GC Thread#1" [stack: 0x000000cace700000,0x000000cace800000] [id=40532]
  0x00000208e41451e0 GCTaskThread "GC Thread#2" [stack: 0x000000cace800000,0x000000cace900000] [id=3396]
  0x00000208e4145490 GCTaskThread "GC Thread#3" [stack: 0x000000cacf900000,0x000000cacfa00000] [id=51100]
  0x00000208e40ec800 GCTaskThread "GC Thread#4" [stack: 0x000000cad0000000,0x000000cad0100000] [id=48020]
  0x00000208e4134a80 GCTaskThread "GC Thread#5" [stack: 0x000000cad06f0000,0x000000cad07f0000] [id=44460]
  0x00000208e4133fc0 GCTaskThread "GC Thread#6" [stack: 0x000000cad08f0000,0x000000cad09f0000] [id=16188]
  0x00000208e41347d0 GCTaskThread "GC Thread#7" [stack: 0x000000cad09f0000,0x000000cad0af0000] [id=22328]
  0x00000208c36e9a80 ConcurrentGCThread "G1 Main Marker" [stack: 0x000000caceb00000,0x000000cacec00000] [id=1536]
  0x00000208c36eb4a0 ConcurrentGCThread "G1 Conc#0" [stack: 0x000000cacec00000,0x000000caced00000] [id=38272]
  0x00000208c374e3a0 ConcurrentGCThread "G1 Refine#0" [stack: 0x000000caced00000,0x000000cacee00000] [id=8404]
  0x00000208e2adb120 ConcurrentGCThread "G1 Service" [stack: 0x000000cacee00000,0x000000cacef00000] [id=43852]

Threads with active compile tasks:
C2 CompilerThread0  17055638 1252       4       java.awt.EventQueue::dispatchEventImpl (136 bytes)

VM state: not at safepoint (normal execution)

VM Mutex/Monitor currently owned by a thread: None

Heap address: 0x0000000702400000, size: 4060 MB, Compressed Oops mode: Zero based, Oop shift amount: 3

CDS archive(s) not mapped
Compressed class space mapped at: 0x0000000800000000-0x0000000840000000, reserved size: 1073741824
Narrow klass base: 0x0000000800000000, Narrow klass shift: 0, Narrow klass range: 0x40000000

GC Precious Log:
 CPUs: 16 total, 16 available
 Memory: 16236M
 Large Page Support: Disabled
 NUMA Support: Disabled
 Compressed Oops: Enabled (Zero based)
 Heap Region Size: 2M
 Heap Min Capacity: 8M
 Heap Initial Capacity: 254M
 Heap Max Capacity: 4060M
 Pre-touch: Disabled
 Parallel Workers: 13
 Concurrent Workers: 3
 Concurrent Refinement Workers: 13
 Periodic GC: Disabled

Heap:
 garbage-first heap   total 260096K, used 63208K [0x0000000702400000, 0x0000000800000000)
  region size 2048K, 17 young (34816K), 1 survivors (2048K)
 Metaspace       used 12896K, committed 13056K, reserved 1064960K
  class space    used 1232K, committed 1344K, reserved 1048576K

Heap Regions: E=young(eden), S=young(survivor), O=old, HS=humongous(starts), HC=humongous(continues), CS=collection set, F=free, OA=open archive, CA=closed archive, TAMS=top-at-mark-start (previous, next)
|   0|0x0000000702400000, 0x0000000702600000, 0x0000000702600000|100%|HS|  |TAMS 0x0000000702400000, 0x0000000702400000| Complete 
|   1|0x0000000702600000, 0x0000000702800000, 0x0000000702800000|100%|HC|  |TAMS 0x0000000702600000, 0x0000000702600000| Complete 
|   2|0x0000000702800000, 0x0000000702a00000, 0x0000000702a00000|100%|HC|  |TAMS 0x0000000702800000, 0x0000000702800000| Complete 
|   3|0x0000000702a00000, 0x0000000702c00000, 0x0000000702c00000|100%|HS|  |TAMS 0x0000000702a00000, 0x0000000702a00000| Complete 
|   4|0x0000000702c00000, 0x0000000702e00000, 0x0000000702e00000|100%|HC|  |TAMS 0x0000000702c00000, 0x0000000702c00000| Complete 
|   5|0x0000000702e00000, 0x0000000703000000, 0x0000000703000000|100%|HC|  |TAMS 0x0000000702e00000, 0x0000000702e00000| Complete 
|   6|0x0000000703000000, 0x0000000703200000, 0x0000000703200000|100%|HS|  |TAMS 0x0000000703000000, 0x0000000703000000| Complete 
|   7|0x0000000703200000, 0x0000000703400000, 0x0000000703400000|100%|HC|  |TAMS 0x0000000703200000, 0x0000000703200000| Complete 
|   8|0x0000000703400000, 0x0000000703600000, 0x0000000703600000|100%|HC|  |TAMS 0x0000000703400000, 0x0000000703400000| Complete 
|   9|0x0000000703600000, 0x0000000703800000, 0x0000000703800000|100%|HS|  |TAMS 0x0000000703600000, 0x0000000703600000| Complete 
|  10|0x0000000703800000, 0x0000000703a00000, 0x0000000703a00000|100%|HC|  |TAMS 0x0000000703800000, 0x0000000703800000| Complete 
|  11|0x0000000703a00000, 0x0000000703c00000, 0x0000000703c00000|100%|HC|  |TAMS 0x0000000703a00000, 0x0000000703a00000| Complete 
|  12|0x0000000703c00000, 0x0000000703e00000, 0x0000000703e00000|100%|HS|  |TAMS 0x0000000703c00000, 0x0000000703c00000| Complete 
|  13|0x0000000703e00000, 0x0000000704000000, 0x0000000704000000|100%|HC|  |TAMS 0x0000000703e00000, 0x0000000703e00000| Complete 
|  14|0x0000000704000000, 0x0000000704200000, 0x0000000704200000|100%|HC|  |TAMS 0x0000000704000000, 0x0000000704000000| Complete 
|  15|0x0000000704200000, 0x0000000704200000, 0x0000000704400000|  0%| F|  |TAMS 0x0000000704200000, 0x0000000704200000| Untracked 
|  16|0x0000000704400000, 0x0000000704400000, 0x0000000704600000|  0%| F|  |TAMS 0x0000000704400000, 0x0000000704400000| Untracked 
|  17|0x0000000704600000, 0x0000000704600000, 0x0000000704800000|  0%| F|  |TAMS 0x0000000704600000, 0x0000000704600000| Untracked 
|  18|0x0000000704800000, 0x0000000704800000, 0x0000000704a00000|  0%| F|  |TAMS 0x0000000704800000, 0x0000000704800000| Untracked 
|  19|0x0000000704a00000, 0x0000000704a00000, 0x0000000704c00000|  0%| F|  |TAMS 0x0000000704a00000, 0x0000000704a00000| Untracked 
|  20|0x0000000704c00000, 0x0000000704c00000, 0x0000000704e00000|  0%| F|  |TAMS 0x0000000704c00000, 0x0000000704c00000| Untracked 
|  21|0x0000000704e00000, 0x0000000704e00000, 0x0000000705000000|  0%| F|  |TAMS 0x0000000704e00000, 0x0000000704e00000| Untracked 
|  22|0x0000000705000000, 0x0000000705000000, 0x0000000705200000|  0%| F|  |TAMS 0x0000000705000000, 0x0000000705000000| Untracked 
|  23|0x0000000705200000, 0x0000000705200000, 0x0000000705400000|  0%| F|  |TAMS 0x0000000705200000, 0x0000000705200000| Untracked 
|  24|0x0000000705400000, 0x0000000705400000, 0x0000000705600000|  0%| F|  |TAMS 0x0000000705400000, 0x0000000705400000| Untracked 
|  25|0x0000000705600000, 0x0000000705600000, 0x0000000705800000|  0%| F|  |TAMS 0x0000000705600000, 0x0000000705600000| Untracked 
|  26|0x0000000705800000, 0x0000000705800000, 0x0000000705a00000|  0%| F|  |TAMS 0x0000000705800000, 0x0000000705800000| Untracked 
|  27|0x0000000705a00000, 0x0000000705a00000, 0x0000000705c00000|  0%| F|  |TAMS 0x0000000705a00000, 0x0000000705a00000| Untracked 
|  28|0x0000000705c00000, 0x0000000705c00000, 0x0000000705e00000|  0%| F|  |TAMS 0x0000000705c00000, 0x0000000705c00000| Untracked 
|  29|0x0000000705e00000, 0x0000000705e00000, 0x0000000706000000|  0%| F|  |TAMS 0x0000000705e00000, 0x0000000705e00000| Untracked 
|  30|0x0000000706000000, 0x0000000706000000, 0x0000000706200000|  0%| F|  |TAMS 0x0000000706000000, 0x0000000706000000| Untracked 
|  31|0x0000000706200000, 0x0000000706200000, 0x0000000706400000|  0%| F|  |TAMS 0x0000000706200000, 0x0000000706200000| Untracked 
|  32|0x0000000706400000, 0x0000000706400000, 0x0000000706600000|  0%| F|  |TAMS 0x0000000706400000, 0x0000000706400000| Untracked 
|  33|0x0000000706600000, 0x0000000706600000, 0x0000000706800000|  0%| F|  |TAMS 0x0000000706600000, 0x0000000706600000| Untracked 
|  34|0x0000000706800000, 0x0000000706800000, 0x0000000706a00000|  0%| F|  |TAMS 0x0000000706800000, 0x0000000706800000| Untracked 
|  35|0x0000000706a00000, 0x0000000706a00000, 0x0000000706c00000|  0%| F|  |TAMS 0x0000000706a00000, 0x0000000706a00000| Untracked 
|  36|0x0000000706c00000, 0x0000000706c00000, 0x0000000706e00000|  0%| F|  |TAMS 0x0000000706c00000, 0x0000000706c00000| Untracked 
|  37|0x0000000706e00000, 0x0000000706e00000, 0x0000000707000000|  0%| F|  |TAMS 0x0000000706e00000, 0x0000000706e00000| Untracked 
|  38|0x0000000707000000, 0x0000000707000000, 0x0000000707200000|  0%| F|  |TAMS 0x0000000707000000, 0x0000000707000000| Untracked 
|  39|0x0000000707200000, 0x0000000707200000, 0x0000000707400000|  0%| F|  |TAMS 0x0000000707200000, 0x0000000707200000| Untracked 
|  40|0x0000000707400000, 0x0000000707400000, 0x0000000707600000|  0%| F|  |TAMS 0x0000000707400000, 0x0000000707400000| Untracked 
|  41|0x0000000707600000, 0x0000000707600000, 0x0000000707800000|  0%| F|  |TAMS 0x0000000707600000, 0x0000000707600000| Untracked 
|  42|0x0000000707800000, 0x0000000707800000, 0x0000000707a00000|  0%| F|  |TAMS 0x0000000707800000, 0x0000000707800000| Untracked 
|  43|0x0000000707a00000, 0x0000000707a00000, 0x0000000707c00000|  0%| F|  |TAMS 0x0000000707a00000, 0x0000000707a00000| Untracked 
|  44|0x0000000707c00000, 0x0000000707c00000, 0x0000000707e00000|  0%| F|  |TAMS 0x0000000707c00000, 0x0000000707c00000| Untracked 
|  45|0x0000000707e00000, 0x0000000707e00000, 0x0000000708000000|  0%| F|  |TAMS 0x0000000707e00000, 0x0000000707e00000| Untracked 
|  46|0x0000000708000000, 0x0000000708000000, 0x0000000708200000|  0%| F|  |TAMS 0x0000000708000000, 0x0000000708000000| Untracked 
|  47|0x0000000708200000, 0x0000000708200000, 0x0000000708400000|  0%| F|  |TAMS 0x0000000708200000, 0x0000000708200000| Untracked 
|  48|0x0000000708400000, 0x0000000708400000, 0x0000000708600000|  0%| F|  |TAMS 0x0000000708400000, 0x0000000708400000| Untracked 
|  49|0x0000000708600000, 0x0000000708600000, 0x0000000708800000|  0%| F|  |TAMS 0x0000000708600000, 0x0000000708600000| Untracked 
|  50|0x0000000708800000, 0x0000000708800000, 0x0000000708a00000|  0%| F|  |TAMS 0x0000000708800000, 0x0000000708800000| Untracked 
|  51|0x0000000708a00000, 0x0000000708a00000, 0x0000000708c00000|  0%| F|  |TAMS 0x0000000708a00000, 0x0000000708a00000| Untracked 
|  52|0x0000000708c00000, 0x0000000708c00000, 0x0000000708e00000|  0%| F|  |TAMS 0x0000000708c00000, 0x0000000708c00000| Untracked 
|  53|0x0000000708e00000, 0x0000000708e00000, 0x0000000709000000|  0%| F|  |TAMS 0x0000000708e00000, 0x0000000708e00000| Untracked 
|  54|0x0000000709000000, 0x0000000709000000, 0x0000000709200000|  0%| F|  |TAMS 0x0000000709000000, 0x0000000709000000| Untracked 
|  55|0x0000000709200000, 0x0000000709200000, 0x0000000709400000|  0%| F|  |TAMS 0x0000000709200000, 0x0000000709200000| Untracked 
|  56|0x0000000709400000, 0x0000000709400000, 0x0000000709600000|  0%| F|  |TAMS 0x0000000709400000, 0x0000000709400000| Untracked 
|  57|0x0000000709600000, 0x0000000709600000, 0x0000000709800000|  0%| F|  |TAMS 0x0000000709600000, 0x0000000709600000| Untracked 
|  58|0x0000000709800000, 0x0000000709800000, 0x0000000709a00000|  0%| F|  |TAMS 0x0000000709800000, 0x0000000709800000| Untracked 
|  59|0x0000000709a00000, 0x0000000709a00000, 0x0000000709c00000|  0%| F|  |TAMS 0x0000000709a00000, 0x0000000709a00000| Untracked 
|  60|0x0000000709c00000, 0x0000000709c00000, 0x0000000709e00000|  0%| F|  |TAMS 0x0000000709c00000, 0x0000000709c00000| Untracked 
|  61|0x0000000709e00000, 0x0000000709e00000, 0x000000070a000000|  0%| F|  |TAMS 0x0000000709e00000, 0x0000000709e00000| Untracked 
|  62|0x000000070a000000, 0x000000070a000000, 0x000000070a200000|  0%| F|  |TAMS 0x000000070a000000, 0x000000070a000000| Untracked 
|  63|0x000000070a200000, 0x000000070a200000, 0x000000070a400000|  0%| F|  |TAMS 0x000000070a200000, 0x000000070a200000| Untracked 
|  64|0x000000070a400000, 0x000000070a400000, 0x000000070a600000|  0%| F|  |TAMS 0x000000070a400000, 0x000000070a400000| Untracked 
|  65|0x000000070a600000, 0x000000070a600000, 0x000000070a800000|  0%| F|  |TAMS 0x000000070a600000, 0x000000070a600000| Untracked 
|  66|0x000000070a800000, 0x000000070a800000, 0x000000070aa00000|  0%| F|  |TAMS 0x000000070a800000, 0x000000070a800000| Untracked 
|  67|0x000000070aa00000, 0x000000070aa00000, 0x000000070ac00000|  0%| F|  |TAMS 0x000000070aa00000, 0x000000070aa00000| Untracked 
|  68|0x000000070ac00000, 0x000000070ac00000, 0x000000070ae00000|  0%| F|  |TAMS 0x000000070ac00000, 0x000000070ac00000| Untracked 
|  69|0x000000070ae00000, 0x000000070ae00000, 0x000000070b000000|  0%| F|  |TAMS 0x000000070ae00000, 0x000000070ae00000| Untracked 
|  70|0x000000070b000000, 0x000000070b000000, 0x000000070b200000|  0%| F|  |TAMS 0x000000070b000000, 0x000000070b000000| Untracked 
|  71|0x000000070b200000, 0x000000070b200000, 0x000000070b400000|  0%| F|  |TAMS 0x000000070b200000, 0x000000070b200000| Untracked 
|  72|0x000000070b400000, 0x000000070b400000, 0x000000070b600000|  0%| F|  |TAMS 0x000000070b400000, 0x000000070b400000| Untracked 
|  73|0x000000070b600000, 0x000000070b600000, 0x000000070b800000|  0%| F|  |TAMS 0x000000070b600000, 0x000000070b600000| Untracked 
|  74|0x000000070b800000, 0x000000070b800000, 0x000000070ba00000|  0%| F|  |TAMS 0x000000070b800000, 0x000000070b800000| Untracked 
|  75|0x000000070ba00000, 0x000000070ba00000, 0x000000070bc00000|  0%| F|  |TAMS 0x000000070ba00000, 0x000000070ba00000| Untracked 
|  76|0x000000070bc00000, 0x000000070bc00000, 0x000000070be00000|  0%| F|  |TAMS 0x000000070bc00000, 0x000000070bc00000| Untracked 
|  77|0x000000070be00000, 0x000000070be00000, 0x000000070c000000|  0%| F|  |TAMS 0x000000070be00000, 0x000000070be00000| Untracked 
|  78|0x000000070c000000, 0x000000070c000000, 0x000000070c200000|  0%| F|  |TAMS 0x000000070c000000, 0x000000070c000000| Untracked 
|  79|0x000000070c200000, 0x000000070c200000, 0x000000070c400000|  0%| F|  |TAMS 0x000000070c200000, 0x000000070c200000| Untracked 
|  80|0x000000070c400000, 0x000000070c400000, 0x000000070c600000|  0%| F|  |TAMS 0x000000070c400000, 0x000000070c400000| Untracked 
|  81|0x000000070c600000, 0x000000070c600000, 0x000000070c800000|  0%| F|  |TAMS 0x000000070c600000, 0x000000070c600000| Untracked 
|  82|0x000000070c800000, 0x000000070c800000, 0x000000070ca00000|  0%| F|  |TAMS 0x000000070c800000, 0x000000070c800000| Untracked 
|  83|0x000000070ca00000, 0x000000070ca00000, 0x000000070cc00000|  0%| F|  |TAMS 0x000000070ca00000, 0x000000070ca00000| Untracked 
|  84|0x000000070cc00000, 0x000000070cc00000, 0x000000070ce00000|  0%| F|  |TAMS 0x000000070cc00000, 0x000000070cc00000| Untracked 
|  85|0x000000070ce00000, 0x000000070ce00000, 0x000000070d000000|  0%| F|  |TAMS 0x000000070ce00000, 0x000000070ce00000| Untracked 
|  86|0x000000070d000000, 0x000000070d000000, 0x000000070d200000|  0%| F|  |TAMS 0x000000070d000000, 0x000000070d000000| Untracked 
|  87|0x000000070d200000, 0x000000070d200000, 0x000000070d400000|  0%| F|  |TAMS 0x000000070d200000, 0x000000070d200000| Untracked 
|  88|0x000000070d400000, 0x000000070d400000, 0x000000070d600000|  0%| F|  |TAMS 0x000000070d400000, 0x000000070d400000| Untracked 
|  89|0x000000070d600000, 0x000000070d600000, 0x000000070d800000|  0%| F|  |TAMS 0x000000070d600000, 0x000000070d600000| Untracked 
|  90|0x000000070d800000, 0x000000070d800000, 0x000000070da00000|  0%| F|  |TAMS 0x000000070d800000, 0x000000070d800000| Untracked 
|  91|0x000000070da00000, 0x000000070da00000, 0x000000070dc00000|  0%| F|  |TAMS 0x000000070da00000, 0x000000070da00000| Untracked 
|  92|0x000000070dc00000, 0x000000070dc00000, 0x000000070de00000|  0%| F|  |TAMS 0x000000070dc00000, 0x000000070dc00000| Untracked 
|  93|0x000000070de00000, 0x000000070de00000, 0x000000070e000000|  0%| F|  |TAMS 0x000000070de00000, 0x000000070de00000| Untracked 
|  94|0x000000070e000000, 0x000000070e000000, 0x000000070e200000|  0%| F|  |TAMS 0x000000070e000000, 0x000000070e000000| Untracked 
|  95|0x000000070e200000, 0x000000070e200000, 0x000000070e400000|  0%| F|  |TAMS 0x000000070e200000, 0x000000070e200000| Untracked 
|  96|0x000000070e400000, 0x000000070e400000, 0x000000070e600000|  0%| F|  |TAMS 0x000000070e400000, 0x000000070e400000| Untracked 
|  97|0x000000070e600000, 0x000000070e600000, 0x000000070e800000|  0%| F|  |TAMS 0x000000070e600000, 0x000000070e600000| Untracked 
|  98|0x000000070e800000, 0x000000070e800000, 0x000000070ea00000|  0%| F|  |TAMS 0x000000070e800000, 0x000000070e800000| Untracked 
|  99|0x000000070ea00000, 0x000000070ea00000, 0x000000070ec00000|  0%| F|  |TAMS 0x000000070ea00000, 0x000000070ea00000| Untracked 
| 100|0x000000070ec00000, 0x000000070ec00000, 0x000000070ee00000|  0%| F|  |TAMS 0x000000070ec00000, 0x000000070ec00000| Untracked 
| 101|0x000000070ee00000, 0x000000070ee00000, 0x000000070f000000|  0%| F|  |TAMS 0x000000070ee00000, 0x000000070ee00000| Untracked 
| 102|0x000000070f000000, 0x000000070f000000, 0x000000070f200000|  0%| F|  |TAMS 0x000000070f000000, 0x000000070f000000| Untracked 
| 103|0x000000070f200000, 0x000000070f200000, 0x000000070f400000|  0%| F|  |TAMS 0x000000070f200000, 0x000000070f200000| Untracked 
| 104|0x000000070f400000, 0x000000070f400000, 0x000000070f600000|  0%| F|  |TAMS 0x000000070f400000, 0x000000070f400000| Untracked 
| 105|0x000000070f600000, 0x000000070f600000, 0x000000070f800000|  0%| F|  |TAMS 0x000000070f600000, 0x000000070f600000| Untracked 
| 106|0x000000070f800000, 0x000000070f800000, 0x000000070fa00000|  0%| F|  |TAMS 0x000000070f800000, 0x000000070f800000| Untracked 
| 107|0x000000070fa00000, 0x000000070fa00000, 0x000000070fc00000|  0%| F|  |TAMS 0x000000070fa00000, 0x000000070fa00000| Untracked 
| 108|0x000000070fc00000, 0x000000070fc00000, 0x000000070fe00000|  0%| F|  |TAMS 0x000000070fc00000, 0x000000070fc00000| Untracked 
| 109|0x000000070fe00000, 0x000000070fe00000, 0x0000000710000000|  0%| F|  |TAMS 0x000000070fe00000, 0x000000070fe00000| Untracked 
| 110|0x0000000710000000, 0x0000000710200000, 0x0000000710200000|100%| E|  |TAMS 0x0000000710000000, 0x0000000710000000| Complete 
| 111|0x0000000710200000, 0x0000000710400000, 0x0000000710400000|100%| E|CS|TAMS 0x0000000710200000, 0x0000000710200000| Complete 
| 112|0x0000000710400000, 0x0000000710600000, 0x0000000710600000|100%| E|CS|TAMS 0x0000000710400000, 0x0000000710400000| Complete 
| 113|0x0000000710600000, 0x0000000710800000, 0x0000000710800000|100%| E|CS|TAMS 0x0000000710600000, 0x0000000710600000| Complete 
| 114|0x0000000710800000, 0x0000000710a00000, 0x0000000710a00000|100%| E|CS|TAMS 0x0000000710800000, 0x0000000710800000| Complete 
| 115|0x0000000710a00000, 0x0000000710bba000, 0x0000000710c00000| 86%| S|CS|TAMS 0x0000000710a00000, 0x0000000710a00000| Complete 
| 116|0x0000000710c00000, 0x0000000710e00000, 0x0000000710e00000|100%| E|CS|TAMS 0x0000000710c00000, 0x0000000710c00000| Complete 
| 117|0x0000000710e00000, 0x0000000711000000, 0x0000000711000000|100%| E|CS|TAMS 0x0000000710e00000, 0x0000000710e00000| Complete 
| 118|0x0000000711000000, 0x0000000711200000, 0x0000000711200000|100%| E|CS|TAMS 0x0000000711000000, 0x0000000711000000| Complete 
| 119|0x0000000711200000, 0x0000000711400000, 0x0000000711400000|100%| E|CS|TAMS 0x0000000711200000, 0x0000000711200000| Complete 
| 120|0x0000000711400000, 0x0000000711600000, 0x0000000711600000|100%| E|CS|TAMS 0x0000000711400000, 0x0000000711400000| Complete 
| 121|0x0000000711600000, 0x0000000711800000, 0x0000000711800000|100%| E|CS|TAMS 0x0000000711600000, 0x0000000711600000| Complete 
| 122|0x0000000711800000, 0x0000000711a00000, 0x0000000711a00000|100%| E|CS|TAMS 0x0000000711800000, 0x0000000711800000| Complete 
| 123|0x0000000711a00000, 0x0000000711c00000, 0x0000000711c00000|100%| E|CS|TAMS 0x0000000711a00000, 0x0000000711a00000| Complete 
| 124|0x0000000711c00000, 0x0000000711e00000, 0x0000000711e00000|100%| E|CS|TAMS 0x0000000711c00000, 0x0000000711c00000| Complete 
| 125|0x0000000711e00000, 0x0000000712000000, 0x0000000712000000|100%| E|CS|TAMS 0x0000000711e00000, 0x0000000711e00000| Complete 
| 126|0x0000000712000000, 0x0000000712200000, 0x0000000712200000|100%| E|CS|TAMS 0x0000000712000000, 0x0000000712000000| Complete 

Card table byte_map: [0x00000208d6da0000,0x00000208d7590000] _byte_map_base: 0x00000208d358e000

Marking Bits (Prev, Next): (CMBitMap*) 0x00000208c36d8bf0, (CMBitMap*) 0x00000208c36d8c30
 Prev Bits: [0x00000208d7d80000, 0x00000208dbcf0000)
 Next Bits: [0x00000208dbcf0000, 0x00000208dfc60000)

Polling page: 0x00000208c15c0000

Metaspace:

Usage:
  Non-class:     11.39 MB used.
      Class:      1.20 MB used.
       Both:     12.59 MB used.

Virtual space:
  Non-class space:       16.00 MB reserved,      11.44 MB ( 71%) committed,  2 nodes.
      Class space:        1.00 GB reserved,       1.31 MB ( <1%) committed,  1 nodes.
             Both:        1.02 GB reserved,      12.75 MB (  1%) committed. 

Chunk freelists:
   Non-Class:  0 bytes
       Class:  2.74 MB
        Both:  2.74 MB

MaxMetaspaceSize: unlimited
CompressedClassSpaceSize: 1.00 GB
Initial GC threshold: 21.00 MB
Current GC threshold: 21.00 MB
CDS: off
MetaspaceReclaimPolicy: balanced
 - commit_granule_bytes: 65536.
 - commit_granule_words: 8192.
 - virtual_space_node_default_size: 1048576.
 - enlarge_chunks_in_place: 1.
 - new_chunks_are_fully_committed: 0.
 - uncommit_free_chunks: 1.
 - use_allocation_guard: 0.
 - handle_deallocations: 1.


Internal statistics:

num_allocs_failed_limit: 0.
num_arena_births: 106.
num_arena_deaths: 0.
num_vsnodes_births: 3.
num_vsnodes_deaths: 0.
num_space_committed: 204.
num_space_uncommitted: 0.
num_chunks_returned_to_freelist: 0.
num_chunks_taken_from_freelist: 147.
num_chunk_merges: 0.
num_chunk_splits: 87.
num_chunks_enlarged: 52.
num_purges: 0.
num_inconsistent_stats: 0.

CodeHeap 'non-profiled nmethods': size=119168Kb used=790Kb max_used=790Kb free=118377Kb
 bounds [0x00000208ce8d0000, 0x00000208ceb40000, 0x00000208d5d30000]
CodeHeap 'profiled nmethods': size=119104Kb used=2125Kb max_used=2125Kb free=116978Kb
 bounds [0x00000208c7480000, 0x00000208c76f0000, 0x00000208ce8d0000]
CodeHeap 'non-nmethods': size=7488Kb used=1243Kb max_used=2376Kb free=6244Kb
 bounds [0x00000208c6d30000, 0x00000208c6fa0000, 0x00000208c7480000]
 total_blobs=1809 nmethods=1249 adapters=473
 compilation: enabled
              stopped_count=0, restarted_count=0
 full_count=0

Compilation events (20 events):
Event: 15559.028 Thread 0x00000208e38760d0 nmethod 1241 0x00000208ce97e190 code [0x00000208ce97e340, 0x00000208ce97e9b8]
Event: 15894.592 Thread 0x00000208e38760d0 1242       4       java.util.Arrays::binarySearch0 (95 bytes)
Event: 15894.595 Thread 0x00000208e38760d0 nmethod 1242 0x00000208ce97ee90 code [0x00000208ce97f020, 0x00000208ce97f238]
Event: 15897.212 Thread 0x00000208e3877260 1243       1       sun.awt.Win32GraphicsDevice::getDefaultScaleX (5 bytes)
Event: 15897.212 Thread 0x00000208e3877260 nmethod 1243 0x00000208ce97f410 code [0x00000208ce97f5a0, 0x00000208ce97f678]
Event: 15897.212 Thread 0x00000208e3877260 1244       1       sun.awt.Win32GraphicsDevice::getDefaultScaleY (5 bytes)
Event: 15897.212 Thread 0x00000208e3877260 nmethod 1244 0x00000208ce97f710 code [0x00000208ce97f8a0, 0x00000208ce97f978]
Event: 15976.403 Thread 0x00000208e38760d0 1245   !   4       java.awt.EventQueue::setCurrentEventAndMostRecentTimeImpl (191 bytes)
Event: 15976.411 Thread 0x00000208e38760d0 nmethod 1245 0x00000208ce97fa10 code [0x00000208ce97fc00, 0x00000208ce980398]
Event: 15976.608 Thread 0x00000208e3877260 1246       3       java.util.HashMap$HashIterator::<init> (79 bytes)
Event: 15976.609 Thread 0x00000208e3877260 nmethod 1246 0x00000208c7692d90 code [0x00000208c7692f40, 0x00000208c7693398]
Event: 16036.756 Thread 0x00000208e38760d0 1247       4       java.awt.EventQueue::dispatchEvent (80 bytes)
Event: 16036.814 Thread 0x00000208e38760d0 nmethod 1247 0x00000208ce980890 code [0x00000208ce980ce0, 0x00000208ce983fa0]
Event: 16095.970 Thread 0x00000208e38760d0 1249   !   4       java.awt.EventDispatchThread::filterAndCheckEvent (108 bytes)
Event: 16095.972 Thread 0x00000208e38760d0 nmethod 1249 0x00000208ce986a90 code [0x00000208ce986c20, 0x00000208ce986f98]
Event: 16095.972 Thread 0x00000208e38760d0 1250   !   4       java.awt.EventDispatchThread::pumpOneEventForFilters (113 bytes)
Event: 16096.120 Thread 0x00000208e38760d0 nmethod 1250 0x00000208ce987290 code [0x00000208ce987960, 0x00000208ce991a40]
Event: 17055.041 Thread 0x00000208e3877260 1251       1       sun.java2d.pipe.RenderBuffer::getAddress (5 bytes)
Event: 17055.041 Thread 0x00000208e3877260 nmethod 1251 0x00000208ce995890 code [0x00000208ce995a20, 0x00000208ce995af8]
Event: 17055.561 Thread 0x00000208e38760d0 1252       4       java.awt.EventQueue::dispatchEventImpl (136 bytes)

GC Heap History (2 events):
Event: 4997.521 GC heap before
{Heap before GC invocations=0 (full 0):
 garbage-first heap   total 260096K, used 22528K [0x0000000702400000, 0x0000000800000000)
  region size 2048K, 11 young (22528K), 0 survivors (0K)
 Metaspace       used 12696K, committed 12864K, reserved 1064960K
  class space    used 1213K, committed 1344K, reserved 1048576K
}
Event: 4997.525 GC heap after
{Heap after GC invocations=1 (full 0):
 garbage-first heap   total 260096K, used 1768K [0x0000000702400000, 0x0000000800000000)
  region size 2048K, 1 young (2048K), 1 survivors (2048K)
 Metaspace       used 12696K, committed 12864K, reserved 1064960K
  class space    used 1213K, committed 1344K, reserved 1048576K
}

Deoptimization events (20 events):
Event: 15897.044 Thread 0x00000208e43f7090 Uncommon trap: trap_request=0xffffffde fr.pc=0x00000208ce9060a0 relative=0x0000000000000ee0
Event: 15897.044 Thread 0x00000208e43f7090 Uncommon trap: reason=class_check action=maybe_recompile pc=0x00000208ce9060a0 method=sun.java2d.pipe.BufferedContext.validate(Lsun/java2d/pipe/hw/AccelSurface;Lsun/java2d/pipe/hw/AccelSurface;Lsun/java2d/pipe/Region;Ljava/awt/Composite;Ljava/awt/geom/Aff
Event: 15897.044 Thread 0x00000208e43f7090 DEOPT PACKING pc=0x00000208ce9060a0 sp=0x000000cad04dddf0
Event: 15897.044 Thread 0x00000208e43f7090 DEOPT UNPACKING pc=0x00000208c6d823a3 sp=0x000000cad04ddd78 mode 2
Event: 15897.230 Thread 0x00000208e43f7090 Uncommon trap: trap_request=0xffffffde fr.pc=0x00000208ce908440 relative=0x00000000000008e0
Event: 15897.230 Thread 0x00000208e43f7090 Uncommon trap: reason=class_check action=maybe_recompile pc=0x00000208ce908440 method=sun.java2d.SunGraphics2D.fillRect(IIII)V @ 10 c2
Event: 15897.230 Thread 0x00000208e43f7090 DEOPT PACKING pc=0x00000208ce908440 sp=0x000000cad04de2d0
Event: 15897.230 Thread 0x00000208e43f7090 DEOPT UNPACKING pc=0x00000208c6d823a3 sp=0x000000cad04de2c0 mode 2
Event: 15897.230 Thread 0x00000208e43f7090 Uncommon trap: trap_request=0xffffffde fr.pc=0x00000208ce90adb8 relative=0x0000000000000798
Event: 15897.230 Thread 0x00000208e43f7090 Uncommon trap: reason=class_check action=maybe_recompile pc=0x00000208ce90adb8 method=sun.java2d.d3d.D3DRenderer.validateContext(Lsun/java2d/SunGraphics2D;)V @ 4 c2
Event: 15897.230 Thread 0x00000208e43f7090 DEOPT PACKING pc=0x00000208ce90adb8 sp=0x000000cad04de1c0
Event: 15897.230 Thread 0x00000208e43f7090 DEOPT UNPACKING pc=0x00000208c6d823a3 sp=0x000000cad04ddf10 mode 2
Event: 15897.230 Thread 0x00000208e43f7090 Uncommon trap: trap_request=0xffffffde fr.pc=0x00000208ce9060a0 relative=0x0000000000000ee0
Event: 15897.230 Thread 0x00000208e43f7090 Uncommon trap: reason=class_check action=maybe_recompile pc=0x00000208ce9060a0 method=sun.java2d.pipe.BufferedContext.validate(Lsun/java2d/pipe/hw/AccelSurface;Lsun/java2d/pipe/hw/AccelSurface;Lsun/java2d/pipe/Region;Ljava/awt/Composite;Ljava/awt/geom/Aff
Event: 15897.230 Thread 0x00000208e43f7090 DEOPT PACKING pc=0x00000208ce9060a0 sp=0x000000cad04dddf0
Event: 15897.230 Thread 0x00000208e43f7090 DEOPT UNPACKING pc=0x00000208c6d823a3 sp=0x000000cad04ddd78 mode 2
Event: 15897.232 Thread 0x00000208e43f7090 Uncommon trap: trap_request=0xffffff45 fr.pc=0x00000208ce90d458 relative=0x0000000000000058
Event: 15897.232 Thread 0x00000208e43f7090 Uncommon trap: reason=unstable_if action=reinterpret pc=0x00000208ce90d458 method=java.util.IdentityHashMap.isEmpty()Z @ 4 c2
Event: 15897.232 Thread 0x00000208e43f7090 DEOPT PACKING pc=0x00000208ce90d458 sp=0x000000cad04deb30
Event: 15897.232 Thread 0x00000208e43f7090 DEOPT UNPACKING pc=0x00000208c6d823a3 sp=0x000000cad04deac0 mode 2

Classes unloaded (0 events):
No events

Classes redefined (0 events):
No events

Internal exceptions (15 events):
Event: 0.103 Thread 0x00000208c366d2c0 Exception <a 'java/lang/ClassNotFoundException'{0x000000071219b208}: sun/awt/resources/spi/awtProvider> (0x000000071219b208) 
thrown [e:\jenkins\tmp\workspace\build\src\src\hotspot\share\classfile\systemDictionary.cpp, line 256]
Event: 0.124 Thread 0x00000208c366d2c0 Exception <a 'java/io/FileNotFoundException'{0x0000000711e332f8}> (0x0000000711e332f8) 
thrown [e:\jenkins\tmp\workspace\build\src\src\hotspot\share\prims\jni.cpp, line 516]
Event: 0.128 Thread 0x00000208c366d2c0 Exception <a 'java/io/FileNotFoundException'{0x0000000711e60270}> (0x0000000711e60270) 
thrown [e:\jenkins\tmp\workspace\build\src\src\hotspot\share\prims\jni.cpp, line 516]
Event: 0.160 Thread 0x00000208c366d2c0 Exception <a 'java/lang/NoSuchMethodError'{0x0000000711eb1750}: 'java.lang.Object java.lang.invoke.DirectMethodHandle$Holder.invokeStaticInit(java.lang.Object)'> (0x0000000711eb1750) 
thrown [e:\jenkins\tmp\workspace\build\src\src\hotspot\share\interpreter\linkResolver.cpp, line 766]
Event: 0.380 Thread 0x00000208c366d2c0 Exception <a 'java/lang/NoSuchMethodError'{0x0000000711f6d7e0}: 'void java.lang.invoke.DirectMethodHandle$Holder.invokeSpecial(java.lang.Object, java.lang.Object, java.lang.Object)'> (0x0000000711f6d7e0) 
thrown [e:\jenkins\tmp\workspace\build\src\src\hotspot\share\interpreter\linkResolver.cpp, line 766]
Event: 0.386 Thread 0x00000208c366d2c0 Exception <a 'java/lang/NoSuchMethodError'{0x0000000711f97a98}: 'java.lang.Object java.lang.invoke.DirectMethodHandle$Holder.newInvokeSpecial(java.lang.Object, java.lang.Object, java.lang.Object, java.lang.Object, java.lang.Object)'> (0x0000000711f97a98) 
thrown [e:\jenkins\tmp\workspace\build\src\src\hotspot\share\interpreter\linkResolver.cpp, line 766]
Event: 0.386 Thread 0x00000208c366d2c0 Exception <a 'java/lang/NoSuchMethodError'{0x0000000711fa3460}: 'java.lang.Object java.lang.invoke.DirectMethodHandle$Holder.invokeStatic(java.lang.Object, int, java.lang.Object, java.lang.Object, java.lang.Object, java.lang.Object)'> (0x0000000711fa3460) 
thrown [e:\jenkins\tmp\workspace\build\src\src\hotspot\share\interpreter\linkResolver.cpp, line 766]
Event: 0.389 Thread 0x00000208c366d2c0 Exception <a 'java/lang/NoSuchMethodError'{0x0000000711fc8f10}: 'java.lang.Object java.lang.invoke.DirectMethodHandle$Holder.invokeStatic(java.lang.Object, int, java.lang.Object)'> (0x0000000711fc8f10) 
thrown [e:\jenkins\tmp\workspace\build\src\src\hotspot\share\interpreter\linkResolver.cpp, line 766]
Event: 0.403 Thread 0x00000208c366d2c0 Exception <a 'java/lang/ClassNotFoundException'{0x0000000711c810f0}: com/sun/swing/internal/plaf/metal/resources/spi/metalProvider> (0x0000000711c810f0) 
thrown [e:\jenkins\tmp\workspace\build\src\src\hotspot\share\classfile\systemDictionary.cpp, line 256]
Event: 0.404 Thread 0x00000208c366d2c0 Exception <a 'java/lang/ClassNotFoundException'{0x0000000711c84f78}: com/sun/swing/internal/plaf/basic/resources/spi/basicProvider> (0x0000000711c84f78) 
thrown [e:\jenkins\tmp\workspace\build\src\src\hotspot\share\classfile\systemDictionary.cpp, line 256]
Event: 0.420 Thread 0x00000208e3cee8f0 Exception <a 'java/lang/NoSuchMethodError'{0x0000000711ef1e80}: 'void java.lang.invoke.DirectMethodHandle$Holder.invokeVirtual(java.lang.Object, java.lang.Object)'> (0x0000000711ef1e80) 
thrown [e:\jenkins\tmp\workspace\build\src\src\hotspot\share\interpreter\linkResolver.cpp, line 766]
Event: 0.432 Thread 0x00000208c366d2c0 Exception <a 'java/lang/NoSuchMethodError'{0x0000000711cc3e40}: 'void java.lang.invoke.DirectMethodHandle$Holder.invokeStaticInit(java.lang.Object)'> (0x0000000711cc3e40) 
thrown [e:\jenkins\tmp\workspace\build\src\src\hotspot\share\interpreter\linkResolver.cpp, line 766]
Event: 0.490 Thread 0x00000208e43f7090 Exception <a 'java/lang/NullPointerException'{0x0000000711ce6ed0}> (0x0000000711ce6ed0) 
thrown [e:\jenkins\tmp\workspace\build\src\src\hotspot\share\interpreter\linkResolver.cpp, line 1357]
Event: 20.376 Thread 0x00000208e43f7090 Implicit null exception at 0x00000208ce917258 to 0x00000208ce917486
Event: 15893.988 Thread 0x00000208e43f7090 Implicit null exception at 0x00000208ce9772c7 to 0x00000208ce97759c

VM Operations (20 events):
Event: 3076.839 Executing VM operation: Cleanup
Event: 3076.839 Executing VM operation: Cleanup done
Event: 3616.593 Executing VM operation: Cleanup
Event: 3616.593 Executing VM operation: Cleanup done
Event: 3798.239 Executing VM operation: Cleanup
Event: 3798.239 Executing VM operation: Cleanup done
Event: 4997.521 Executing VM operation: G1CollectForAllocation
Event: 4997.526 Executing VM operation: G1CollectForAllocation done
Event: 11657.316 Executing VM operation: Cleanup
Event: 11657.316 Executing VM operation: Cleanup done
Event: 15893.582 Executing VM operation: Cleanup
Event: 15893.582 Executing VM operation: Cleanup done
Event: 15894.595 Executing VM operation: Cleanup
Event: 15894.595 Executing VM operation: Cleanup done
Event: 15895.601 Executing VM operation: Cleanup
Event: 15895.601 Executing VM operation: Cleanup done
Event: 15897.605 Executing VM operation: Cleanup
Event: 15897.605 Executing VM operation: Cleanup done
Event: 17055.025 Executing VM operation: Cleanup
Event: 17055.025 Executing VM operation: Cleanup done

Events (20 events):
Event: 15894.560 loading class sun/awt/image/IntegerComponentRaster done
Event: 15894.560 loading class sun/awt/image/IntegerInterleavedRaster done
Event: 15894.560 loading class sun/awt/image/NativeLibLoader
Event: 15894.560 loading class sun/awt/image/NativeLibLoader done
Event: 15894.560 loading class sun/awt/image/NativeLibLoader$1
Event: 15894.560 loading class sun/awt/image/NativeLibLoader$1 done
Event: 15894.563 loading class java/awt/image/BufferedImage
Event: 15894.564 loading class java/awt/image/WritableRenderedImage
Event: 15894.564 loading class java/awt/image/RenderedImage
Event: 15894.564 loading class java/awt/image/RenderedImage done
Event: 15894.564 loading class java/awt/image/WritableRenderedImage done
Event: 15894.564 loading class java/awt/image/BufferedImage done
Event: 15894.565 loading class java/awt/image/BufferedImage$1
Event: 15894.565 loading class java/awt/image/BufferedImage$1 done
Event: 15894.565 loading class sun/awt/image/BufImgSurfaceData
Event: 15894.565 loading class sun/awt/image/BufImgSurfaceData done
Event: 15894.565 loading class sun/awt/image/BufImgSurfaceData$ICMColorData
Event: 15894.565 loading class sun/awt/image/BufImgSurfaceData$ICMColorData done
Event: 15894.956 loading class sun/awt/image/BufferedImageDevice
Event: 15894.956 loading class sun/awt/image/BufferedImageDevice done


Dynamic libraries:
0x00007ff7faaa0000 - 0x00007ff7faaae000 	C:\Users\Aaron\.p2\pool\plugins\org.eclipse.justj.openjdk.hotspot.jre.full.win32.x86_64_17.0.3.v20220515-1416\jre\bin\javaw.exe
0x00007ff9a3e70000 - 0x00007ff9a4068000 	C:\Windows\SYSTEM32\ntdll.dll
0x00007ff9a2220000 - 0x00007ff9a22df000 	C:\Windows\System32\KERNEL32.DLL
0x00007ff9a1830000 - 0x00007ff9a1b0a000 	C:\Windows\System32\KERNELBASE.dll
0x00007ff9a1c10000 - 0x00007ff9a1d10000 	C:\Windows\System32\ucrtbase.dll
0x00007ff9992a0000 - 0x00007ff9992b8000 	C:\Users\Aaron\.p2\pool\plugins\org.eclipse.justj.openjdk.hotspot.jre.full.win32.x86_64_17.0.3.v20220515-1416\jre\bin\jli.dll
0x00007ff97e120000 - 0x00007ff97e139000 	C:\Users\Aaron\.p2\pool\plugins\org.eclipse.justj.openjdk.hotspot.jre.full.win32.x86_64_17.0.3.v20220515-1416\jre\bin\VCRUNTIME140.dll
0x00007ff9a1ed0000 - 0x00007ff9a206d000 	C:\Windows\System32\USER32.dll
0x00007ff9a1800000 - 0x00007ff9a1822000 	C:\Windows\System32\win32u.dll
0x00007ff9902e0000 - 0x00007ff99057a000 	C:\Windows\WinSxS\amd64_microsoft.windows.common-controls_6595b64144ccf1df_6.0.19041.1110_none_60b5254171f9507e\COMCTL32.dll
0x00007ff9a2f20000 - 0x00007ff9a2f4b000 	C:\Windows\System32\GDI32.dll
0x00007ff9a2e80000 - 0x00007ff9a2f1e000 	C:\Windows\System32\msvcrt.dll
0x00007ff9a1dc0000 - 0x00007ff9a1ed0000 	C:\Windows\System32\gdi32full.dll
0x00007ff9a1710000 - 0x00007ff9a17ad000 	C:\Windows\System32\msvcp_win.dll
0x00007ff9a2e50000 - 0x00007ff9a2e80000 	C:\Windows\System32\IMM32.DLL
0x00007ff999380000 - 0x00007ff99938c000 	C:\Users\Aaron\.p2\pool\plugins\org.eclipse.justj.openjdk.hotspot.jre.full.win32.x86_64_17.0.3.v20220515-1416\jre\bin\vcruntime140_1.dll
0x00007ff976de0000 - 0x00007ff976e71000 	C:\Users\Aaron\.p2\pool\plugins\org.eclipse.justj.openjdk.hotspot.jre.full.win32.x86_64_17.0.3.v20220515-1416\jre\bin\msvcp140.dll
0x00007ff93af90000 - 0x00007ff93bbd8000 	C:\Users\Aaron\.p2\pool\plugins\org.eclipse.justj.openjdk.hotspot.jre.full.win32.x86_64_17.0.3.v20220515-1416\jre\bin\server\jvm.dll
0x00007ff9a3d80000 - 0x00007ff9a3e2e000 	C:\Windows\System32\ADVAPI32.dll
0x00007ff9a3230000 - 0x00007ff9a32cc000 	C:\Windows\System32\sechost.dll
0x00007ff9a20f0000 - 0x00007ff9a2216000 	C:\Windows\System32\RPCRT4.dll
0x00007ff9a2ae0000 - 0x00007ff9a2ae8000 	C:\Windows\System32\PSAPI.DLL
0x00007ff99bb60000 - 0x00007ff99bb69000 	C:\Windows\SYSTEM32\WSOCK32.dll
0x00007ff990a40000 - 0x00007ff990a67000 	C:\Windows\SYSTEM32\WINMM.dll
0x00007ff99b470000 - 0x00007ff99b47a000 	C:\Windows\SYSTEM32\VERSION.dll
0x00007ff9a3570000 - 0x00007ff9a35db000 	C:\Windows\System32\WS2_32.dll
0x00007ff99fdd0000 - 0x00007ff99fde2000 	C:\Windows\SYSTEM32\kernel.appcore.dll
0x00007ff999300000 - 0x00007ff99930a000 	C:\Users\Aaron\.p2\pool\plugins\org.eclipse.justj.openjdk.hotspot.jre.full.win32.x86_64_17.0.3.v20220515-1416\jre\bin\jimage.dll
0x00007ff99fbc0000 - 0x00007ff99fda4000 	C:\Windows\SYSTEM32\DBGHELP.DLL
0x00007ff999c30000 - 0x00007ff999c64000 	C:\Windows\SYSTEM32\dbgcore.DLL
0x00007ff9a1b80000 - 0x00007ff9a1c02000 	C:\Windows\System32\bcryptPrimitives.dll
0x00007ff983330000 - 0x00007ff983355000 	C:\Users\Aaron\.p2\pool\plugins\org.eclipse.justj.openjdk.hotspot.jre.full.win32.x86_64_17.0.3.v20220515-1416\jre\bin\java.dll
0x00007ff989e40000 - 0x00007ff989e58000 	C:\Users\Aaron\.p2\pool\plugins\org.eclipse.justj.openjdk.hotspot.jre.full.win32.x86_64_17.0.3.v20220515-1416\jre\bin\zip.dll
0x00007ff9a22e0000 - 0x00007ff9a2a24000 	C:\Windows\System32\SHELL32.dll
0x00007ff99f350000 - 0x00007ff99fae3000 	C:\Windows\SYSTEM32\windows.storage.dll
0x00007ff9a2af0000 - 0x00007ff9a2e44000 	C:\Windows\System32\combase.dll
0x00007ff9a0fe0000 - 0x00007ff9a100e000 	C:\Windows\SYSTEM32\Wldp.dll
0x00007ff9a3340000 - 0x00007ff9a33ed000 	C:\Windows\System32\SHCORE.dll
0x00007ff9a35e0000 - 0x00007ff9a3635000 	C:\Windows\System32\shlwapi.dll
0x00007ff9a14c0000 - 0x00007ff9a14df000 	C:\Windows\SYSTEM32\profapi.dll
0x00007ff9604a0000 - 0x00007ff96062e000 	C:\Users\Aaron\.p2\pool\plugins\org.eclipse.justj.openjdk.hotspot.jre.full.win32.x86_64_17.0.3.v20220515-1416\jre\bin\awt.dll
0x00007ff9a33f0000 - 0x00007ff9a34bd000 	C:\Windows\System32\OLEAUT32.dll
0x00007ff99e8d0000 - 0x00007ff99e960000 	C:\Windows\SYSTEM32\apphelp.dll
0x00007ff99eff0000 - 0x00007ff99f01f000 	C:\Windows\system32\DWMAPI.DLL
0x00007ff99e9c0000 - 0x00007ff99ea5e000 	C:\Windows\system32\uxtheme.dll
0x00007ff95f360000 - 0x00007ff95f485000 	C:\Windows\system32\opengl32.dll
0x00007ff97c020000 - 0x00007ff97c04c000 	C:\Windows\SYSTEM32\GLU32.dll
0x00007ff94d460000 - 0x00007ff94d599000 	C:\ProgramData\A-Volute\A-Volute.Nahimic\Modules\Scheduled\x64\AudioDevProps2.dll
0x00007ff9a3100000 - 0x00007ff9a322a000 	C:\Windows\System32\ole32.dll
0x00007ff9a3640000 - 0x00007ff9a3754000 	C:\Windows\System32\MSCTF.dll
0x00007ff972710000 - 0x00007ff9728dd000 	C:\Windows\system32\d3d9.dll
0x00007ff994280000 - 0x00007ff99433e000 	C:\Windows\System32\DriverStore\FileRepository\nvlti.inf_amd64_8670e1fa67f9c45c\nvldumdx.dll
0x00007ff9a1170000 - 0x00007ff9a1182000 	C:\Windows\SYSTEM32\msasn1.dll
0x00007ff99b430000 - 0x00007ff99b461000 	C:\Windows\SYSTEM32\cryptnet.dll
0x00007ff9a1580000 - 0x00007ff9a16d6000 	C:\Windows\System32\CRYPT32.dll
0x00007ff99b290000 - 0x00007ff99b3d8000 	C:\Windows\SYSTEM32\drvstore.dll
0x00007ff9a1330000 - 0x00007ff9a135c000 	C:\Windows\SYSTEM32\devobj.dll
0x00007ff9a17b0000 - 0x00007ff9a17fe000 	C:\Windows\System32\cfgmgr32.dll
0x00007ff9a0f50000 - 0x00007ff9a0f5c000 	C:\Windows\SYSTEM32\cryptbase.dll
0x00007ff9a1b10000 - 0x00007ff9a1b77000 	C:\Windows\System32\WINTRUST.DLL
0x00007ff9a3550000 - 0x00007ff9a356d000 	C:\Windows\System32\imagehlp.dll
0x00007ff9a0f30000 - 0x00007ff9a0f48000 	C:\Windows\SYSTEM32\CRYPTSP.dll
0x00007ff9a05f0000 - 0x00007ff9a0624000 	C:\Windows\system32\rsaenh.dll
0x00007ff9a16e0000 - 0x00007ff9a1707000 	C:\Windows\System32\bcrypt.dll
0x00007ff8fd1c0000 - 0x00007ff8ff7ca000 	C:\Windows\System32\DriverStore\FileRepository\nvlti.inf_amd64_8670e1fa67f9c45c\nvd3dumx.dll
0x00007ff95d090000 - 0x00007ff95d361000 	C:\Windows\system32\nvspcap64.dll
0x00007ff9a0730000 - 0x00007ff9a0763000 	C:\Windows\SYSTEM32\ntmarta.dll
0x00007ff99fdf0000 - 0x00007ff99fe13000 	C:\Windows\SYSTEM32\gpapi.dll
0x00007ff995880000 - 0x00007ff9958bb000 	C:\Windows\SYSTEM32\dxcore.dll
0x00007ff976b20000 - 0x00007ff976ba9000 	C:\Users\Aaron\.p2\pool\plugins\org.eclipse.justj.openjdk.hotspot.jre.full.win32.x86_64_17.0.3.v20220515-1416\jre\bin\freetype.dll
0x00007ff9722f0000 - 0x00007ff972398000 	C:\Users\Aaron\.p2\pool\plugins\org.eclipse.justj.openjdk.hotspot.jre.full.win32.x86_64_17.0.3.v20220515-1416\jre\bin\fontmanager.dll
0x00007ff987da0000 - 0x00007ff987e99000 	C:\Windows\SYSTEM32\textinputframework.dll
0x00007ff99e340000 - 0x00007ff99e69e000 	C:\Windows\System32\CoreUIComponents.dll
0x00007ff99e6a0000 - 0x00007ff99e792000 	C:\Windows\System32\CoreMessaging.dll
0x00007ff99dc70000 - 0x00007ff99ddc4000 	C:\Windows\SYSTEM32\wintypes.dll
0x00007ff982030000 - 0x00007ff982049000 	C:\Users\Aaron\.p2\pool\plugins\org.eclipse.justj.openjdk.hotspot.jre.full.win32.x86_64_17.0.3.v20220515-1416\jre\bin\net.dll
0x00007ff99a370000 - 0x00007ff99a47a000 	C:\Windows\SYSTEM32\WINHTTP.dll
0x00007ff9a0d40000 - 0x00007ff9a0daa000 	C:\Windows\system32\mswsock.dll
0x00007ff97e8a0000 - 0x00007ff97e8b5000 	C:\Users\Aaron\.p2\pool\plugins\org.eclipse.justj.openjdk.hotspot.jre.full.win32.x86_64_17.0.3.v20220515-1416\jre\bin\nio.dll
0x00007ff97bb80000 - 0x00007ff97bc2c000 	C:\Windows\SYSTEM32\TextShaping.dll

dbghelp: loaded successfully - version: 4.0.5 - missing functions: none
symbol engine: initialized successfully - sym options: 0x614 - pdb path: .;C:\Users\Aaron\.p2\pool\plugins\org.eclipse.justj.openjdk.hotspot.jre.full.win32.x86_64_17.0.3.v20220515-1416\jre\bin;C:\Windows\SYSTEM32;C:\Windows\WinSxS\amd64_microsoft.windows.common-controls_6595b64144ccf1df_6.0.19041.1110_none_60b5254171f9507e;C:\Users\Aaron\.p2\pool\plugins\org.eclipse.justj.openjdk.hotspot.jre.full.win32.x86_64_17.0.3.v20220515-1416\jre\bin\server;C:\ProgramData\A-Volute\A-Volute.Nahimic\Modules\Scheduled\x64;C:\Windows\System32\DriverStore\FileRepository\nvlti.inf_amd64_8670e1fa67f9c45c

VM Arguments:
jvm_args: -Dfile.encoding=UTF-8 -XX:+ShowCodeDetailsInExceptionMessages 
java_command: ConwaysLife
java_class_path (initial): C:\Users\Aaron\eclipse-workspace\ConwaysLife3\bin
Launcher Type: SUN_STANDARD

[Global flags]
     intx CICompilerCount                          = 12                                        {product} {ergonomic}
     uint ConcGCThreads                            = 3                                         {product} {ergonomic}
     uint G1ConcRefinementThreads                  = 13                                        {product} {ergonomic}
   size_t G1HeapRegionSize                         = 2097152                                   {product} {ergonomic}
    uintx GCDrainStackTargetSize                   = 64                                        {product} {ergonomic}
   size_t InitialHeapSize                          = 266338304                                 {product} {ergonomic}
   size_t MarkStackSize                            = 4194304                                   {product} {ergonomic}
   size_t MaxHeapSize                              = 4257218560                                {product} {ergonomic}
   size_t MaxNewSize                               = 2554331136                                {product} {ergonomic}
   size_t MinHeapDeltaBytes                        = 2097152                                   {product} {ergonomic}
   size_t MinHeapSize                              = 8388608                                   {product} {ergonomic}
    uintx NonNMethodCodeHeapSize                   = 7602480                                {pd product} {ergonomic}
    uintx NonProfiledCodeHeapSize                  = 122027880                              {pd product} {ergonomic}
    uintx ProfiledCodeHeapSize                     = 122027880                              {pd product} {ergonomic}
    uintx ReservedCodeCacheSize                    = 251658240                              {pd product} {ergonomic}
     bool SegmentedCodeCache                       = true                                      {product} {ergonomic}
     bool ShowCodeDetailsInExceptionMessages       = true                                   {manageable} {command line}
   size_t SoftMaxHeapSize                          = 4257218560                             {manageable} {ergonomic}
     bool UseCompressedClassPointers               = true                           {product lp64_product} {ergonomic}
     bool UseCompressedOops                        = true                           {product lp64_product} {ergonomic}
     bool UseG1GC                                  = true                                      {product} {ergonomic}
     bool UseLargePagesIndividualAllocation        = false                                  {pd product} {ergonomic}

Logging:
Log output configuration:
 #0: stdout all=warning uptime,level,tags
 #1: stderr all=off uptime,level,tags

Environment Variables:
JAVA_HOME=C:\Program Files\Java\jdk
PATH=C:/Users/Aaron/.p2/pool/plugins/org.eclipse.justj.openjdk.hotspot.jre.full.win32.x86_64_17.0.3.v20220515-1416/jre/bin/server;C:/Users/Aaron/.p2/pool/plugins/org.eclipse.justj.openjdk.hotspot.jre.full.win32.x86_64_17.0.3.v20220515-1416/jre/bin;C:\Program Files (x86)\Common Files\Oracle\Java\javapath;C:\Windows\system32;C:\Windows;C:\Windows\System32\Wbem;C:\Windows\System32\WindowsPowerShell\v1.0\;C:\Windows\System32\OpenSSH\;C:\Program Files (x86)\NVIDIA Corporation\PhysX\Common;C:\Program Files\NVIDIA Corporation\NVIDIA NvDLISR;C:\Program Files\Java\jdk\bin;C:\Program Files\Java\jre1.8.0_311\bin;C:\Program Files\Calibre2\;C:\Users\Aaron\AppData\Local\Microsoft\WindowsApps;C:\Users\Aaron\AppData\Local\Programs\Microsoft VS Code\bin;C:\Users\Aaron\AppData\Local\GitHubDesktop\bin;C:\MinGW\bin;C:\Windows;
USERNAME=Aaron
OS=Windows_NT
PROCESSOR_IDENTIFIER=AMD64 Family 25 Model 80 Stepping 0, AuthenticAMD



---------------  S Y S T E M  ---------------

OS:
 Windows 10 , 64 bit Build 19041 (10.0.19041.2788)
OS uptime: 18 days 17:46 hours

CPU: total 16 (initial active 16) (16 cores per cpu, 2 threads per core) family 25 model 80 stepping 0 microcode 0x0, cx8, cmov, fxsr, ht, mmx, 3dnowpref, sse, sse2, sse3, ssse3, sse4a, sse4.1, sse4.2, popcnt, lzcnt, tsc, tscinvbit, avx, avx2, aes, erms, clmul, bmi1, bmi2, adx, sha, fma, vzeroupper, clflush, clflushopt

Memory: 4k page, system-wide physical 16236M (1199M free)
TotalPageFile size 65388M (AvailPageFile size 1051M)
current process WorkingSet (physical memory assigned to process): 91M, peak: 110M
current process commit charge ("private bytes"): 403M, peak: 421M

vm_info: OpenJDK 64-Bit Server VM (17.0.3+7) for windows-amd64 JRE (17.0.3+7), built on Apr 19 2022 16:55:35 by "" with MS VC++ 16.7 (VS2019)

END.
